# JRE version: OpenJDK Runtime Environment (10.0.1+10) (build 10.0.1+10-Ubuntu-3ubuntu1)
# Java VM: OpenJDK 64-Bit Server VM (10.0.1+10-Ubuntu-3ubuntu1, mixed mode, tiered, compressed oops, g1 gc, linux-amd64)
Heap:
 garbage-first heap   total 229376K, used 20073K [0x00000000c0000000, 0x0000000100000000)
  region size 1024K, 1 young (1024K), 1 survivors (1024K)
 Metaspace       used 39217K, capacity 41372K, committed 41472K, reserved 1085440K
  class space    used 3844K, capacity 4579K, committed 4608K, reserved 1048576K
GC Heap History (10 events):
Event: 1288.647 GC heap after
{Heap after GC invocations=22 (full 0):
 garbage-first heap   total 171008K, used 13610K [0x00000000c0000000, 0x0000000100000000)
  region size 1024K, 1 young (1024K), 1 survivors (1024K)
 Metaspace       used 33552K, capacity 35270K, committed 35584K, reserved 1081344K
  class space    used 3251K, capacity 3800K, committed 3840K, reserved 1048576K
}
Event: 1294.819 GC heap before
{Heap before GC invocations=22 (full 0):
 garbage-first heap   total 171008K, used 15658K [0x00000000c0000000, 0x0000000100000000)
  region size 1024K, 4 young (4096K), 1 survivors (1024K)
 Metaspace       used 33892K, capacity 35622K, committed 35840K, reserved 1081344K
  class space    used 3274K, capacity 3832K, committed 3840K, reserved 1048576K
}
Event: 1296.159 GC heap after
{Heap after GC invocations=23 (full 0):
 garbage-first heap   total 171008K, used 15790K [0x00000000c0000000, 0x0000000100000000)
  region size 1024K, 1 young (1024K), 1 survivors (1024K)
 Metaspace       used 33892K, capacity 35622K, committed 35840K, reserved 1081344K
  class space    used 3274K, capacity 3832K, committed 3840K, reserved 1048576K
}
Event: 1324.141 GC heap before
{Heap before GC invocations=24 (full 0):
 garbage-first heap   total 171008K, used 22958K [0x00000000c0000000, 0x0000000100000000)
  region size 1024K, 8 young (8192K), 1 survivors (1024K)
 Metaspace       used 34975K, capacity 36705K, committed 36992K, reserved 1083392K
  class space    used 3393K, capacity 3935K, committed 3968K, reserved 1048576K
}
Event: 1326.939 GC heap after
{Heap after GC invocations=25 (full 0):
 garbage-first heap   total 171008K, used 16489K [0x00000000c0000000, 0x0000000100000000)
  region size 1024K, 1 young (1024K), 1 survivors (1024K)
 Metaspace       used 34975K, capacity 36705K, committed 36992K, reserved 1083392K
  class space    used 3393K, capacity 3935K, committed 3968K, reserved 1048576K
}
Event: 1341.883 GC heap before
{Heap before GC invocations=25 (full 0):
 garbage-first heap   total 171008K, used 23657K [0x00000000c0000000, 0x0000000100000000)
  region size 1024K, 8 young (8192K), 1 survivors (1024K)
 Metaspace       used 35393K, capacity 37246K, committed 37632K, reserved 1083392K
  class space    used 3442K, capacity 4010K, committed 4096K, reserved 1048576K
}
Event: 1342.722 GC heap after
{Heap after GC invocations=26 (full 0):
 garbage-first heap   total 171008K, used 16976K [0x00000000c0000000, 0x0000000100000000)
  region size 1024K, 1 young (1024K), 1 survivors (1024K)
 Metaspace       used 35393K, capacity 37246K, committed 37632K, reserved 1083392K
  class space    used 3442K, capacity 4010K, committed 4096K, reserved 1048576K
}
Event: 1382.008 GC heap before
{Heap before GC invocations=26 (full 0):
 garbage-first heap   total 171008K, used 24144K [0x00000000c0000000, 0x0000000100000000)
  region size 1024K, 8 young (8192K), 1 survivors (1024K)
 Metaspace       used 37500K, capacity 39627K, committed 39680K, reserved 1085440K
  class space    used 3650K, capacity 4312K, committed 4352K, reserved 1048576K
}
Event: 1383.359 GC heap after
{Heap after GC invocations=27 (full 0):
 garbage-first heap   total 171008K, used 18060K [0x00000000c0000000, 0x0000000100000000)
  region size 1024K, 1 young (1024K), 1 survivors (1024K)
 Metaspace       used 37500K, capacity 39627K, committed 39680K, reserved 1085440K
  class space    used 3650K, capacity 4312K, committed 4352K, reserved 1048576K
}
Event: 1500.501 GC heap before
{Heap before GC invocations=27 (full 0):
 garbage-first heap   total 171008K, used 25228K [0x00000000c0000000, 0x0000000100000000)
  region size 1024K, 8 young (8192K), 1 survivors (1024K)
 Metaspace       used 39217K, capacity 41372K, committed 41472K, reserved 1085440K
  class space    used 3844K, capacity 4579K, committed 4608K, reserved 1048576K
}

